[INFO] Scanning for projects...
[INFO] ------------------------------------------------------------------------
[INFO] Reactor Build Order:
[INFO]
[INFO] core                                                               [jar]
[INFO] vortex-crud-ui-test                                                [jar]
[INFO] vortex-crud-jpa                                                    [jar]
[INFO] vortex-crud-jooq                                                   [jar]
[INFO] core                                                               [jar]
[INFO] userstore-local                                                    [jar]
[INFO] vortex-crud-jpa-sqlite-example                                     [jar]
[INFO] vortex-crud-jooq-example                                           [jar]
[INFO] vortex-crud-jooq-dev-platform-demo                                 [jar]
[INFO] vortex-crud-jooq-project-management-demo                           [jar]
[INFO] vortex-crud-jooq-ressource-planner-demo                            [jar]
[INFO] vortex-crud examples                                               [pom]
[INFO] security related implementations                                   [pom]
[INFO] vortex-crud                                                        [pom]
[INFO]
[INFO] --------------< com.github.appreciated.vortex-crud:core >---------------
[INFO] Building core 1.0-SNAPSHOT                                        [1/14]
[INFO]   from core/pom.xml
[INFO] --------------------------------[ jar ]---------------------------------
[INFO]
[INFO] --- clean:3.5.0:clean (default-clean) @ core ---
[INFO] Deleting /app/core/target
[INFO]
[INFO] --- resources:3.3.1:resources (default-resources) @ core ---
[INFO] Copying 0 resource from src/main/resources to target/classes
[INFO] Copying 3 resources from src/main/resources to target/classes
[INFO]
[INFO] --- compiler:3.14.1:compile (default-compile) @ core ---
[INFO] Recompiling the module because of changed source code.
[INFO] Compiling 176 source files with javac [debug parameters release 21] to target/classes
[INFO] Annotation processing is enabled because one or more processors were found
  on the class path. A future release of javac may disable annotation processing
  unless at least one processor is specified by name (-processor), or a search
  path is specified (--processor-path, --processor-module-path), or annotation
  processing is enabled explicitly (-proc:only, -proc:full).
  Use -Xlint:-options to suppress this message.
  Use -proc:none to disable annotation processing.
[INFO] /app/core/src/main/java/com/github/appreciated/vortex_crud/core/ui/factories/form/FormCreator.java: Some input files use unchecked or unsafe operations.
[INFO] /app/core/src/main/java/com/github/appreciated/vortex_crud/core/ui/factories/form/FormCreator.java: Recompile with -Xlint:unchecked for details.
[INFO] -------------------------------------------------------------
[ERROR] COMPILATION ERROR :
[INFO] -------------------------------------------------------------
[ERROR] /app/core/src/main/java/com/github/appreciated/vortex_crud/core/config/VortexCrudPathToRouteResolver.java:[71,26] cannot find symbol
  symbol:   method child()
  location: variable single of type com.github.appreciated.vortex_crud.core.config.model.RouteRendererSingleChild<ModelClass,FieldType,RepositoryType>
[ERROR] /app/core/src/main/java/com/github/appreciated/vortex_crud/core/config/VortexCrudPathToRouteResolver.java:[74,44] cannot find symbol
  symbol:   method child()
  location: variable single of type com.github.appreciated.vortex_crud.core.config.model.RouteRendererSingleChild<ModelClass,FieldType,RepositoryType>
[ERROR] /app/core/src/main/java/com/github/appreciated/vortex_crud/core/config/model/CalendarRoute.java:[26,8] com.github.appreciated.vortex_crud.core.config.model.CalendarRoute is not abstract and does not override abstract method form() in com.github.appreciated.vortex_crud.core.config.model.RouteRendererSingleChild
[ERROR] /app/core/src/main/java/com/github/appreciated/vortex_crud/core/config/model/FormSlideRoute.java:[25,8] com.github.appreciated.vortex_crud.core.config.model.FormSlideRoute is not abstract and does not override abstract method form() in com.github.appreciated.vortex_crud.core.config.model.RouteRendererSingleChild
[ERROR] /app/core/src/main/java/com/github/appreciated/vortex_crud/core/config/model/GridRoute.java:[25,8] com.github.appreciated.vortex_crud.core.config.model.GridRoute is not abstract and does not override abstract method form() in com.github.appreciated.vortex_crud.core.config.model.RouteRendererSingleChild
[ERROR] /app/core/src/main/java/com/github/appreciated/vortex_crud/core/config/model/KanbanRoute.java:[25,8] com.github.appreciated.vortex_crud.core.config.model.KanbanRoute is not abstract and does not override abstract method form() in com.github.appreciated.vortex_crud.core.config.model.RouteRendererSingleChild
[ERROR] /app/core/src/main/java/com/github/appreciated/vortex_crud/core/config/model/ListRoute.java:[25,8] com.github.appreciated.vortex_crud.core.config.model.ListRoute is not abstract and does not override abstract method form() in com.github.appreciated.vortex_crud.core.config.model.RouteRendererSingleChild
[ERROR] /app/core/src/main/java/com/github/appreciated/vortex_crud/core/config/model/MasterDetailRoute.java:[25,8] com.github.appreciated.vortex_crud.core.config.model.MasterDetailRoute is not abstract and does not override abstract method form() in com.github.appreciated.vortex_crud.core.config.model.RouteRendererSingleChild
[ERROR] /app/core/src/main/java/com/github/appreciated/vortex_crud/core/ui/factories/route/calendar/component/CalendarView.java:[252,32] cannot find symbol
  symbol:   method child()
  location: variable singleChildRenderer of type com.github.appreciated.vortex_crud.core.config.model.RouteRendererSingleChild<ModelClass,FieldType,RepositoryType>
[ERROR] /app/core/src/main/java/com/github/appreciated/vortex_crud/core/ui/factories/route/calendar/component/CalendarView.java:[252,71] cannot find symbol
  symbol:   method child()
  location: variable singleChildRenderer of type com.github.appreciated.vortex_crud.core.config.model.RouteRendererSingleChild<ModelClass,FieldType,RepositoryType>
[ERROR] /app/core/src/main/java/com/github/appreciated/vortex_crud/core/ui/factories/route/calendar/component/CalendarView.java:[253,48] cannot find symbol
  symbol:   method child()
  location: variable singleChildRenderer of type com.github.appreciated.vortex_crud.core.config.model.RouteRendererSingleChild<ModelClass,FieldType,RepositoryType>
[ERROR] /app/core/src/main/java/com/github/appreciated/vortex_crud/core/ui/factories/route/calendar/component/CalendarView.java:[257,40] cannot find symbol
  symbol:   method child()
  location: variable singleChildRenderer of type com.github.appreciated.vortex_crud.core.config.model.RouteRendererSingleChild<ModelClass,FieldType,RepositoryType>
[ERROR] /app/core/src/main/java/com/github/appreciated/vortex_crud/core/ui/factories/route/grid/Grid.java:[76,26] cannot find symbol
  symbol:   method child()
  location: variable routeRenderer of type com.github.appreciated.vortex_crud.core.config.model.RouteRendererSingleChild<ModelClass,FieldType,RepositoryType>
[ERROR] /app/core/src/main/java/com/github/appreciated/vortex_crud/core/ui/factories/route/grid/Grid.java:[76,59] cannot find symbol
  symbol:   method child()
  location: variable routeRenderer of type com.github.appreciated.vortex_crud.core.config.model.RouteRendererSingleChild<ModelClass,FieldType,RepositoryType>
[ERROR] /app/core/src/main/java/com/github/appreciated/vortex_crud/core/ui/factories/route/grid/Grid.java:[77,42] cannot find symbol
  symbol:   method child()
  location: variable routeRenderer of type com.github.appreciated.vortex_crud.core.config.model.RouteRendererSingleChild<ModelClass,FieldType,RepositoryType>
[ERROR] /app/core/src/main/java/com/github/appreciated/vortex_crud/core/ui/factories/route/grid/Grid.java:[81,34] cannot find symbol
  symbol:   method child()
  location: variable routeRenderer of type com.github.appreciated.vortex_crud.core.config.model.RouteRendererSingleChild<ModelClass,FieldType,RepositoryType>
[ERROR] /app/core/src/main/java/com/github/appreciated/vortex_crud/core/ui/factories/route/kanban/component/KanbanView.java:[161,26] cannot find symbol
  symbol:   method child()
  location: variable routeRenderer of type com.github.appreciated.vortex_crud.core.config.model.RouteRendererSingleChild<ModelClass,FieldType,RepositoryType>
[ERROR] /app/core/src/main/java/com/github/appreciated/vortex_crud/core/ui/factories/route/kanban/component/KanbanView.java:[161,59] cannot find symbol
  symbol:   method child()
  location: variable routeRenderer of type com.github.appreciated.vortex_crud.core.config.model.RouteRendererSingleChild<ModelClass,FieldType,RepositoryType>
[ERROR] /app/core/src/main/java/com/github/appreciated/vortex_crud/core/ui/factories/route/kanban/component/KanbanView.java:[162,42] cannot find symbol
  symbol:   method child()
  location: variable routeRenderer of type com.github.appreciated.vortex_crud.core.config.model.RouteRendererSingleChild<ModelClass,FieldType,RepositoryType>
[ERROR] /app/core/src/main/java/com/github/appreciated/vortex_crud/core/ui/factories/route/kanban/component/KanbanView.java:[166,34] cannot find symbol
  symbol:   method child()
  location: variable routeRenderer of type com.github.appreciated.vortex_crud.core.config.model.RouteRendererSingleChild<ModelClass,FieldType,RepositoryType>
[ERROR] /app/core/src/main/java/com/github/appreciated/vortex_crud/core/ui/factories/route/kanban/component/KanbanView.java:[360,26] cannot find symbol
  symbol:   method child()
  location: variable routeRenderer of type com.github.appreciated.vortex_crud.core.config.model.RouteRendererSingleChild<ModelClass,FieldType,RepositoryType>
[ERROR] /app/core/src/main/java/com/github/appreciated/vortex_crud/core/ui/factories/route/kanban/component/KanbanView.java:[360,59] cannot find symbol
  symbol:   method child()
  location: variable routeRenderer of type com.github.appreciated.vortex_crud.core.config.model.RouteRendererSingleChild<ModelClass,FieldType,RepositoryType>
[ERROR] /app/core/src/main/java/com/github/appreciated/vortex_crud/core/ui/factories/route/kanban/component/KanbanView.java:[361,42] cannot find symbol
  symbol:   method child()
  location: variable routeRenderer of type com.github.appreciated.vortex_crud.core.config.model.RouteRendererSingleChild<ModelClass,FieldType,RepositoryType>
[ERROR] /app/core/src/main/java/com/github/appreciated/vortex_crud/core/ui/factories/route/kanban/component/KanbanView.java:[365,34] cannot find symbol
  symbol:   method child()
  location: variable routeRenderer of type com.github.appreciated.vortex_crud.core.config.model.RouteRendererSingleChild<ModelClass,FieldType,RepositoryType>
[ERROR] /app/core/src/main/java/com/github/appreciated/vortex_crud/core/ui/factories/route/list/List.java:[73,26] cannot find symbol
  symbol:   method child()
  location: variable routeRenderer of type com.github.appreciated.vortex_crud.core.config.model.RouteRendererSingleChild<ModelClass,FieldType,RepositoryType>
[ERROR] /app/core/src/main/java/com/github/appreciated/vortex_crud/core/ui/factories/route/list/List.java:[73,59] cannot find symbol
  symbol:   method child()
  location: variable routeRenderer of type com.github.appreciated.vortex_crud.core.config.model.RouteRendererSingleChild<ModelClass,FieldType,RepositoryType>
[ERROR] /app/core/src/main/java/com/github/appreciated/vortex_crud/core/ui/factories/route/list/List.java:[74,43] cannot find symbol
  symbol:   method child()
  location: variable routeRenderer of type com.github.appreciated.vortex_crud.core.config.model.RouteRendererSingleChild<ModelClass,FieldType,RepositoryType>
[ERROR] /app/core/src/main/java/com/github/appreciated/vortex_crud/core/ui/factories/route/list/List.java:[78,30] cannot find symbol
  symbol:   method child()
  location: variable routeRenderer of type com.github.appreciated.vortex_crud.core.config.model.RouteRendererSingleChild<ModelClass,FieldType,RepositoryType>
[INFO] 28 errors
[INFO] -------------------------------------------------------------
[INFO] ------------------------------------------------------------------------
[INFO] Reactor Summary:
[INFO]
[INFO] core 1.0-SNAPSHOT .................................. FAILURE [  6.502 s]
[INFO] vortex-crud-ui-test 1.0.0-SNAPSHOT ................. SKIPPED
[INFO] vortex-crud-jpa 1.0.0-SNAPSHOT ..................... SKIPPED
[INFO] vortex-crud-jooq 1.0.0-SNAPSHOT .................... SKIPPED
[INFO] core 1.0-SNAPSHOT .................................. SKIPPED
[INFO] userstore-local 1.0-SNAPSHOT ....................... SKIPPED
[INFO] vortex-crud-jpa-sqlite-example 1.0.0-SNAPSHOT ...... SKIPPED
[INFO] vortex-crud-jooq-example 1.0.0-SNAPSHOT ............ SKIPPED
[INFO] vortex-crud-jooq-dev-platform-demo 1.0.0-SNAPSHOT .. SKIPPED
[INFO] vortex-crud-jooq-project-management-demo 1.0.0-SNAPSHOT SKIPPED
[INFO] vortex-crud-jooq-ressource-planner-demo 1.0.0-SNAPSHOT SKIPPED
[INFO] vortex-crud examples 1.0.0-SNAPSHOT ................ SKIPPED
[INFO] security related implementations 1.0.0-SNAPSHOT .... SKIPPED
[INFO] vortex-crud 1.0.0-SNAPSHOT ......................... SKIPPED
[INFO] ------------------------------------------------------------------------
[INFO] BUILD FAILURE
[INFO] ------------------------------------------------------------------------
[INFO] Total time:  7.195 s
[INFO] Finished at: 2025-12-22T17:01:58Z
[INFO] ------------------------------------------------------------------------
[ERROR] Failed to execute goal org.apache.maven.plugins:maven-compiler-plugin:3.14.1:compile (default-compile) on project core: Compilation failure: Compilation failure:
[ERROR] /app/core/src/main/java/com/github/appreciated/vortex_crud/core/config/VortexCrudPathToRouteResolver.java:[71,26] cannot find symbol
[ERROR]   symbol:   method child()
[ERROR]   location: variable single of type com.github.appreciated.vortex_crud.core.config.model.RouteRendererSingleChild<ModelClass,FieldType,RepositoryType>
[ERROR] /app/core/src/main/java/com/github/appreciated/vortex_crud/core/config/VortexCrudPathToRouteResolver.java:[74,44] cannot find symbol
[ERROR]   symbol:   method child()
[ERROR]   location: variable single of type com.github.appreciated.vortex_crud.core.config.model.RouteRendererSingleChild<ModelClass,FieldType,RepositoryType>
[ERROR] /app/core/src/main/java/com/github/appreciated/vortex_crud/core/config/model/CalendarRoute.java:[26,8] com.github.appreciated.vortex_crud.core.config.model.CalendarRoute is not abstract and does not override abstract method form() in com.github.appreciated.vortex_crud.core.config.model.RouteRendererSingleChild
[ERROR] /app/core/src/main/java/com/github/appreciated/vortex_crud/core/config/model/FormSlideRoute.java:[25,8] com.github.appreciated.vortex_crud.core.config.model.FormSlideRoute is not abstract and does not override abstract method form() in com.github.appreciated.vortex_crud.core.config.model.RouteRendererSingleChild
[ERROR] /app/core/src/main/java/com/github/appreciated/vortex_crud/core/config/model/GridRoute.java:[25,8] com.github.appreciated.vortex_crud.core.config.model.GridRoute is not abstract and does not override abstract method form() in com.github.appreciated.vortex_crud.core.config.model.RouteRendererSingleChild
[ERROR] /app/core/src/main/java/com/github/appreciated/vortex_crud/core/config/model/KanbanRoute.java:[25,8] com.github.appreciated.vortex_crud.core.config.model.KanbanRoute is not abstract and does not override abstract method form() in com.github.appreciated.vortex_crud.core.config.model.RouteRendererSingleChild
[ERROR] /app/core/src/main/java/com/github/appreciated/vortex_crud/core/config/model/ListRoute.java:[25,8] com.github.appreciated.vortex_crud.core.config.model.ListRoute is not abstract and does not override abstract method form() in com.github.appreciated.vortex_crud.core.config.model.RouteRendererSingleChild
[ERROR] /app/core/src/main/java/com/github/appreciated/vortex_crud/core/config/model/MasterDetailRoute.java:[25,8] com.github.appreciated.vortex_crud.core.config.model.MasterDetailRoute is not abstract and does not override abstract method form() in com.github.appreciated.vortex_crud.core.config.model.RouteRendererSingleChild
[ERROR] /app/core/src/main/java/com/github/appreciated/vortex_crud/core/ui/factories/route/calendar/component/CalendarView.java:[252,32] cannot find symbol
[ERROR]   symbol:   method child()
[ERROR]   location: variable singleChildRenderer of type com.github.appreciated.vortex_crud.core.config.model.RouteRendererSingleChild<ModelClass,FieldType,RepositoryType>
[ERROR] /app/core/src/main/java/com/github/appreciated/vortex_crud/core/ui/factories/route/calendar/component/CalendarView.java:[252,71] cannot find symbol
[ERROR]   symbol:   method child()
[ERROR]   location: variable singleChildRenderer of type com.github.appreciated.vortex_crud.core.config.model.RouteRendererSingleChild<ModelClass,FieldType,RepositoryType>
[ERROR] /app/core/src/main/java/com/github/appreciated/vortex_crud/core/ui/factories/route/calendar/component/CalendarView.java:[253,48] cannot find symbol
[ERROR]   symbol:   method child()
[ERROR]   location: variable singleChildRenderer of type com.github.appreciated.vortex_crud.core.config.model.RouteRendererSingleChild<ModelClass,FieldType,RepositoryType>
[ERROR] /app/core/src/main/java/com/github/appreciated/vortex_crud/core/ui/factories/route/calendar/component/CalendarView.java:[257,40] cannot find symbol
[ERROR]   symbol:   method child()
[ERROR]   location: variable singleChildRenderer of type com.github.appreciated.vortex_crud.core.config.model.RouteRendererSingleChild<ModelClass,FieldType,RepositoryType>
[ERROR] /app/core/src/main/java/com/github/appreciated/vortex_crud/core/ui/factories/route/grid/Grid.java:[76,26] cannot find symbol
[ERROR]   symbol:   method child()
[ERROR]   location: variable routeRenderer of type com.github.appreciated.vortex_crud.core.config.model.RouteRendererSingleChild<ModelClass,FieldType,RepositoryType>
[ERROR] /app/core/src/main/java/com/github/appreciated/vortex_crud/core/ui/factories/route/grid/Grid.java:[76,59] cannot find symbol
[ERROR]   symbol:   method child()
[ERROR]   location: variable routeRenderer of type com.github.appreciated.vortex_crud.core.config.model.RouteRendererSingleChild<ModelClass,FieldType,RepositoryType>
[ERROR] /app/core/src/main/java/com/github/appreciated/vortex_crud/core/ui/factories/route/grid/Grid.java:[77,42] cannot find symbol
[ERROR]   symbol:   method child()
[ERROR]   location: variable routeRenderer of type com.github.appreciated.vortex_crud.core.config.model.RouteRendererSingleChild<ModelClass,FieldType,RepositoryType>
[ERROR] /app/core/src/main/java/com/github/appreciated/vortex_crud/core/ui/factories/route/grid/Grid.java:[81,34] cannot find symbol
[ERROR]   symbol:   method child()
[ERROR]   location: variable routeRenderer of type com.github.appreciated.vortex_crud.core.config.model.RouteRendererSingleChild<ModelClass,FieldType,RepositoryType>
[ERROR] /app/core/src/main/java/com/github/appreciated/vortex_crud/core/ui/factories/route/kanban/component/KanbanView.java:[161,26] cannot find symbol
[ERROR]   symbol:   method child()
[ERROR]   location: variable routeRenderer of type com.github.appreciated.vortex_crud.core.config.model.RouteRendererSingleChild<ModelClass,FieldType,RepositoryType>
[ERROR] /app/core/src/main/java/com/github/appreciated/vortex_crud/core/ui/factories/route/kanban/component/KanbanView.java:[161,59] cannot find symbol
[ERROR]   symbol:   method child()
[ERROR]   location: variable routeRenderer of type com.github.appreciated.vortex_crud.core.config.model.RouteRendererSingleChild<ModelClass,FieldType,RepositoryType>
[ERROR] /app/core/src/main/java/com/github/appreciated/vortex_crud/core/ui/factories/route/kanban/component/KanbanView.java:[162,42] cannot find symbol
[ERROR]   symbol:   method child()
[ERROR]   location: variable routeRenderer of type com.github.appreciated.vortex_crud.core.config.model.RouteRendererSingleChild<ModelClass,FieldType,RepositoryType>
[ERROR] /app/core/src/main/java/com/github/appreciated/vortex_crud/core/ui/factories/route/kanban/component/KanbanView.java:[166,34] cannot find symbol
[ERROR]   symbol:   method child()
[ERROR]   location: variable routeRenderer of type com.github.appreciated.vortex_crud.core.config.model.RouteRendererSingleChild<ModelClass,FieldType,RepositoryType>
[ERROR] /app/core/src/main/java/com/github/appreciated/vortex_crud/core/ui/factories/route/kanban/component/KanbanView.java:[360,26] cannot find symbol
[ERROR]   symbol:   method child()
[ERROR]   location: variable routeRenderer of type com.github.appreciated.vortex_crud.core.config.model.RouteRendererSingleChild<ModelClass,FieldType,RepositoryType>
[ERROR] /app/core/src/main/java/com/github/appreciated/vortex_crud/core/ui/factories/route/kanban/component/KanbanView.java:[360,59] cannot find symbol
[ERROR]   symbol:   method child()
[ERROR]   location: variable routeRenderer of type com.github.appreciated.vortex_crud.core.config.model.RouteRendererSingleChild<ModelClass,FieldType,RepositoryType>
[ERROR] /app/core/src/main/java/com/github/appreciated/vortex_crud/core/ui/factories/route/kanban/component/KanbanView.java:[361,42] cannot find symbol
[ERROR]   symbol:   method child()
[ERROR]   location: variable routeRenderer of type com.github.appreciated.vortex_crud.core.config.model.RouteRendererSingleChild<ModelClass,FieldType,RepositoryType>
[ERROR] /app/core/src/main/java/com/github/appreciated/vortex_crud/core/ui/factories/route/kanban/component/KanbanView.java:[365,34] cannot find symbol
[ERROR]   symbol:   method child()
[ERROR]   location: variable routeRenderer of type com.github.appreciated.vortex_crud.core.config.model.RouteRendererSingleChild<ModelClass,FieldType,RepositoryType>
[ERROR] /app/core/src/main/java/com/github/appreciated/vortex_crud/core/ui/factories/route/list/List.java:[73,26] cannot find symbol
[ERROR]   symbol:   method child()
[ERROR]   location: variable routeRenderer of type com.github.appreciated.vortex_crud.core.config.model.RouteRendererSingleChild<ModelClass,FieldType,RepositoryType>
[ERROR] /app/core/src/main/java/com/github/appreciated/vortex_crud/core/ui/factories/route/list/List.java:[73,59] cannot find symbol
[ERROR]   symbol:   method child()
[ERROR]   location: variable routeRenderer of type com.github.appreciated.vortex_crud.core.config.model.RouteRendererSingleChild<ModelClass,FieldType,RepositoryType>
[ERROR] /app/core/src/main/java/com/github/appreciated/vortex_crud/core/ui/factories/route/list/List.java:[74,43] cannot find symbol
[ERROR]   symbol:   method child()
[ERROR]   location: variable routeRenderer of type com.github.appreciated.vortex_crud.core.config.model.RouteRendererSingleChild<ModelClass,FieldType,RepositoryType>
[ERROR] /app/core/src/main/java/com/github/appreciated/vortex_crud/core/ui/factories/route/list/List.java:[78,30] cannot find symbol
[ERROR]   symbol:   method child()
[ERROR]   location: variable routeRenderer of type com.github.appreciated.vortex_crud.core.config.model.RouteRendererSingleChild<ModelClass,FieldType,RepositoryType>
[ERROR] -> [Help 1]
[ERROR]
[ERROR] To see the full stack trace of the errors, re-run Maven with the -e switch.
[ERROR] Re-run Maven using the -X switch to enable full debug logging.
[ERROR]
[ERROR] For more information about the errors and possible solutions, please read the following articles:
[ERROR] [Help 1] http://cwiki.apache.org/confluence/display/MAVEN/MojoFailureException
